<?xml version="1.0" encoding="UTF-8"?>
<!-- Generated by org.testng.reporters.JUnitReportReporter -->
<testsuite skipped="0" hostname="Abhishek-PC" name="com.techbodhi.testng.DropDownExample" tests="6" failures="0" timestamp="20 Aug 2017 19:33:18 GMT" time="9.554" errors="0">
  <testcase name="selectLastElementInMonth" time="0.991" classname="com.techbodhi.testng.DropDownExample"/>
  <testcase name="checkDropDown_VisibleText" time="4.896" classname="com.techbodhi.testng.DropDownExample"/>
  <testcase name="checkDropDown_Value" time="0.601" classname="com.techbodhi.testng.DropDownExample"/>
  <testcase name="selectLastElementInMonthWebElement" time="0.596" classname="com.techbodhi.testng.DropDownExample"/>
  <testcase name="checkDropDown_Index" time="1.047" classname="com.techbodhi.testng.DropDownExample"/>
  <testcase name="selectLastElementInDate" time="1.423" classname="com.techbodhi.testng.DropDownExample"/>
</testsuite> <!-- com.techbodhi.testng.DropDownExample -->
