<?xml version="1.0" encoding="UTF-8"?>
<!-- Generated by org.testng.reporters.JUnitReportReporter -->
<testsuite skipped="0" hostname="Abhishek-PC" name="com.techbodhi.selenium.testng.DropDown" tests="2" failures="0" timestamp="20 Aug 2017 08:18:29 GMT" time="7.136" errors="0">
  <testcase name="selectDropDownValue" time="6.228" classname="com.techbodhi.selenium.testng.DropDown"/>
  <testcase name="checkDropDownValues" time="0.908" classname="com.techbodhi.selenium.testng.DropDown"/>
</testsuite> <!-- com.techbodhi.selenium.testng.DropDown -->
